[28.02.2014 23:41:14] I: FRIDAY 28.02.2014 23:41:14
[28.02.2014 23:41:14] I: Copyright: 2012-2013, BurgerZ <az.burgerz@gmail.com>
[28.02.2014 23:41:14] I: <http://burgerz.pro>
[28.02.2014 23:41:14] I: All Rights Reserved
[28.02.2014 23:41:14] I: *************************
[28.02.2014 23:41:14] I: Welcome to jBART v1.7.0
[28.02.2014 23:41:14] I: *************************
[28.02.2014 23:41:14] I: Initialization.....
[28.02.2014 23:41:14] I: HOME: D:\j\projektek\miuiandroid\dev\jBART-master\
[28.02.2014 23:41:14] I: DATA: D:\j\projektek\miuiandroid\dev\jBART-master\data\
[28.02.2014 23:41:14] I: TOOLS: D:\j\projektek\miuiandroid\dev\jBART-master\data\tools\win\
[28.02.2014 23:41:14] I: SETTINGS: D:\j\projektek\miuiandroid\dev\jBART-master\data\settings\
[28.02.2014 23:41:14] I: PATCHER METHOD CONFIG: D:\j\projektek\miuiandroid\dev\jBART-master\data\patches\method_patches.conf
[28.02.2014 23:41:14] I: PATCHER STRING CONFIG: D:\j\projektek\miuiandroid\dev\jBART-master\data\patches\string_patches.conf
[28.02.2014 23:41:14] I: PATCHER BUILD.PROP CONFIG: D:\j\projektek\miuiandroid\dev\jBART-master\data\patches\buildprop_patches.conf
[28.02.2014 23:41:15] I: AAPT: D:\j\projektek\miuiandroid\dev\jBART-master\data\tools\win\aapt.exe
[28.02.2014 23:41:15] I: FRAMEWORKS INTALL DIR: D:\j\projektek\miuiandroid\dev\jBART-master\data\frameworks
[28.02.2014 23:41:15] I: JAVA VM: 1.7.0_51
[28.02.2014 23:41:15] I: Initialization complete
[28.02.2014 23:41:15] I: *************************
[28.02.2014 23:41:15] I: 
